2020-07-11 12:57:58.515  INFO 7212 --- [main] c.t.s.eureka.EurekaServerApplication     : No active profile set, falling back to default profiles: default
2020-07-11 12:57:59.612  WARN 7212 --- [main] o.s.boot.actuate.endpoint.EndpointId     : Endpoint ID 'service-registry' contains invalid characters, please migrate to a valid format.
2020-07-11 12:57:59.767  INFO 7212 --- [main] o.s.cloud.context.scope.GenericScope     : BeanFactory id=684d2207-9b95-302e-88ee-6b5f70528bdb
2020-07-11 12:58:00.116  INFO 7212 --- [main] o.s.b.w.embedded.tomcat.TomcatWebServer  : Tomcat initialized with port(s): 8000 (http)
2020-07-11 12:58:00.125  INFO 7212 --- [main] o.apache.catalina.core.StandardService   : Starting service [Tomcat]
2020-07-11 12:58:00.125  INFO 7212 --- [main] org.apache.catalina.core.StandardEngine  : Starting Servlet engine: [Apache Tomcat/9.0.31]
2020-07-11 12:58:00.239  INFO 7212 --- [main] o.a.c.c.C.[Tomcat].[localhost].[/]       : Initializing Spring embedded WebApplicationContext
2020-07-11 12:58:00.240  INFO 7212 --- [main] o.s.web.context.ContextLoader            : Root WebApplicationContext: initialization completed in 1707 ms
2020-07-11 12:58:00.329  WARN 7212 --- [main] c.n.c.sources.URLConfigurationSource     : No URLs will be polled as dynamic configuration sources.
2020-07-11 12:58:00.330  INFO 7212 --- [main] c.n.c.sources.URLConfigurationSource     : To enable URLs as dynamic configuration sources, define System property archaius.configurationSource.additionalUrls or make config.properties available on classpath.
2020-07-11 12:58:00.343  INFO 7212 --- [main] c.netflix.config.DynamicPropertyFactory  : DynamicPropertyFactory is initialized with configuration sources: com.netflix.config.ConcurrentCompositeConfiguration@5b275174
2020-07-11 12:58:01.458  INFO 7212 --- [main] c.s.j.s.i.a.WebApplicationImpl           : Initiating Jersey application, version 'Jersey: 1.19.1 03/11/2016 02:08 PM'
2020-07-11 12:58:01.669  INFO 7212 --- [main] c.n.d.provider.DiscoveryJerseyProvider   : Using JSON encoding codec LegacyJacksonJson
2020-07-11 12:58:01.670  INFO 7212 --- [main] c.n.d.provider.DiscoveryJerseyProvider   : Using JSON decoding codec LegacyJacksonJson
2020-07-11 12:58:01.836  INFO 7212 --- [main] c.n.d.provider.DiscoveryJerseyProvider   : Using XML encoding codec XStreamXml
2020-07-11 12:58:01.836  INFO 7212 --- [main] c.n.d.provider.DiscoveryJerseyProvider   : Using XML decoding codec XStreamXml
2020-07-11 12:58:02.209  WARN 7212 --- [main] c.n.c.sources.URLConfigurationSource     : No URLs will be polled as dynamic configuration sources.
2020-07-11 12:58:02.210  INFO 7212 --- [main] c.n.c.sources.URLConfigurationSource     : To enable URLs as dynamic configuration sources, define System property archaius.configurationSource.additionalUrls or make config.properties available on classpath.
2020-07-11 12:58:02.396  INFO 7212 --- [main] o.s.s.concurrent.ThreadPoolTaskExecutor  : Initializing ExecutorService 'applicationTaskExecutor'
2020-07-11 12:58:03.479  WARN 7212 --- [main] ockingLoadBalancerClientRibbonWarnLogger : You already have RibbonLoadBalancerClient on your classpath. It will be used by default. As Spring Cloud Ribbon is in maintenance mode. We recommend switching to BlockingLoadBalancerClient instead. In order to use it, set the value of `spring.cloud.loadbalancer.ribbon.enabled` to `false` or remove spring-cloud-starter-netflix-ribbon from your project.
2020-07-11 12:58:03.526  INFO 7212 --- [main] o.s.c.n.eureka.InstanceInfoFactory       : Setting initial instance status as: STARTING
2020-07-11 12:58:03.564  INFO 7212 --- [main] com.netflix.discovery.DiscoveryClient    : Initializing Eureka in region us-east-1
2020-07-11 12:58:03.564  INFO 7212 --- [main] com.netflix.discovery.DiscoveryClient    : Client configured to neither register nor query for data.
2020-07-11 12:58:03.570  INFO 7212 --- [main] com.netflix.discovery.DiscoveryClient    : Discovery Client initialized at timestamp 1594443483569 with initial instances count: 0
2020-07-11 12:58:03.622  INFO 7212 --- [main] c.n.eureka.DefaultEurekaServerContext    : Initializing ...
2020-07-11 12:58:03.624  WARN 7212 --- [main] c.n.eureka.cluster.PeerEurekaNodes       : The replica size seems to be empty. Check the route 53 DNS Registry
2020-07-11 12:58:03.657  INFO 7212 --- [main] c.n.e.registry.AbstractInstanceRegistry  : Finished initializing remote region registries. All known remote regions: []
2020-07-11 12:58:03.659  INFO 7212 --- [main] c.n.eureka.DefaultEurekaServerContext    : Initialized
2020-07-11 12:58:03.690  INFO 7212 --- [main] o.s.b.a.e.web.EndpointLinksResolver      : Exposing 2 endpoint(s) beneath base path '/actuator'
2020-07-11 12:58:03.783  INFO 7212 --- [main] o.s.c.n.e.s.EurekaServiceRegistry        : Registering application STRAW-EUREKA with eureka with status UP
2020-07-11 12:58:03.814  INFO 7212 --- [Thread-13] o.s.c.n.e.server.EurekaServerBootstrap   : Setting the eureka configuration..
2020-07-11 12:58:03.820  INFO 7212 --- [Thread-13] o.s.c.n.e.server.EurekaServerBootstrap   : Eureka data center value eureka.datacenter is not set, defaulting to default
2020-07-11 12:58:03.822  INFO 7212 --- [Thread-13] o.s.c.n.e.server.EurekaServerBootstrap   : Eureka environment value eureka.environment is not set, defaulting to test
2020-07-11 12:58:03.839  INFO 7212 --- [Thread-13] o.s.c.n.e.server.EurekaServerBootstrap   : isAws returned false
2020-07-11 12:58:03.840  INFO 7212 --- [Thread-13] o.s.c.n.e.server.EurekaServerBootstrap   : Initialized server context
2020-07-11 12:58:03.840  INFO 7212 --- [Thread-13] c.n.e.r.PeerAwareInstanceRegistryImpl    : Got 1 instances from neighboring DS node
2020-07-11 12:58:03.840  INFO 7212 --- [Thread-13] c.n.e.r.PeerAwareInstanceRegistryImpl    : Renew threshold is: 1
2020-07-11 12:58:03.841  INFO 7212 --- [Thread-13] c.n.e.r.PeerAwareInstanceRegistryImpl    : Changing status to UP
2020-07-11 12:58:03.856  INFO 7212 --- [Thread-13] e.s.EurekaServerInitializerConfiguration : Started Eureka Server
2020-07-11 12:58:03.876  INFO 7212 --- [main] o.s.b.w.embedded.tomcat.TomcatWebServer  : Tomcat started on port(s): 8000 (http) with context path ''
2020-07-11 12:58:03.880  INFO 7212 --- [main] .s.c.n.e.s.EurekaAutoServiceRegistration : Updating port to 8000
2020-07-11 12:58:03.911  INFO 7212 --- [RMI TCP Connection(1)-127.0.0.1] o.a.c.c.C.[Tomcat].[localhost].[/]       : Initializing Spring DispatcherServlet 'dispatcherServlet'
2020-07-11 12:58:03.911  INFO 7212 --- [RMI TCP Connection(1)-127.0.0.1] o.s.web.servlet.DispatcherServlet        : Initializing Servlet 'dispatcherServlet'
2020-07-11 12:58:03.920  INFO 7212 --- [RMI TCP Connection(1)-127.0.0.1] o.s.web.servlet.DispatcherServlet        : Completed initialization in 9 ms
2020-07-11 12:58:04.208  INFO 7212 --- [main] c.t.s.eureka.EurekaServerApplication     : Started EurekaServerApplication in 7.217 seconds (JVM running for 8.464)
2020-07-11 12:58:26.055  INFO 7212 --- [http-nio-8000-exec-2] c.n.e.registry.AbstractInstanceRegistry  : Registered instance STRAW-CONFIG/Jun:straw-config:1201 with status UP (replication=false)
2020-07-11 12:59:03.842  INFO 7212 --- [Eureka-EvictionTimer] c.n.e.registry.AbstractInstanceRegistry  : Running the evict task with compensationTime 0ms
2020-07-11 13:00:03.843  INFO 7212 --- [Eureka-EvictionTimer] c.n.e.registry.AbstractInstanceRegistry  : Running the evict task with compensationTime 0ms
2020-07-11 13:01:03.844  INFO 7212 --- [Eureka-EvictionTimer] c.n.e.registry.AbstractInstanceRegistry  : Running the evict task with compensationTime 0ms
2020-07-11 13:02:03.844  INFO 7212 --- [Eureka-EvictionTimer] c.n.e.registry.AbstractInstanceRegistry  : Running the evict task with compensationTime 0ms
2020-07-11 13:03:03.845  INFO 7212 --- [Eureka-EvictionTimer] c.n.e.registry.AbstractInstanceRegistry  : Running the evict task with compensationTime 1ms
2020-07-11 13:04:03.845  INFO 7212 --- [Eureka-EvictionTimer] c.n.e.registry.AbstractInstanceRegistry  : Running the evict task with compensationTime 0ms
2020-07-11 13:05:03.846  INFO 7212 --- [Eureka-EvictionTimer] c.n.e.registry.AbstractInstanceRegistry  : Running the evict task with compensationTime 0ms
2020-07-11 13:06:03.847  INFO 7212 --- [Eureka-EvictionTimer] c.n.e.registry.AbstractInstanceRegistry  : Running the evict task with compensationTime 0ms
